Using pre-set license
Built from '2021.1/release' branch; Version is '2021.1.4f1 (4cd64a618c1b) revision 5035594'; Using compiler version '192528614'; Build Type 'Release'
OS: 'Windows 10 Home; OS build 19042.746; Version 2009; 64bit' Language: 'en' Physical Memory: 32637 MB
BatchMode: 1, IsHumanControllingUs: 0, StartBugReporterOnCrash: 0, Is64bit: 1, IsPro: 0

 COMMAND LINE ARGUMENTS:
C:\Program Files\Unity\Hub\Editor\2021.1.4f1\Editor\Unity.exe
-adb2
-batchMode
-noUpm
-name
AssetImportWorker0
-projectPath
C:/Users/Hotsh/Documents/I learned
-logFile
Logs/AssetImportWorker0.log
-srvPort
49625
Successfully changed project path to: C:/Users/Hotsh/Documents/I learned
C:/Users/Hotsh/Documents/I learned
Using Asset Import Pipeline V2.
Refreshing native plugins compatible for Editor in 29.63 ms, found 0 plugins.
Preloading 0 native plugins for Editor in 0.00 ms.
Initialize engine version: 2021.1.4f1 (4cd64a618c1b)
[Subsystems] Discovering subsystems at path C:/Program Files/Unity/Hub/Editor/2021.1.4f1/Editor/Data/Resources/UnitySubsystems
[Subsystems] Discovering subsystems at path C:/Users/Hotsh/Documents/I learned/Assets
GfxDevice: creating device client; threaded=0; jobified=0
Direct3D:
    Version:  Direct3D 11.0 [level 11.1]
    Renderer: NVIDIA GeForce GTX 1080 (ID=0x1be0)
    Vendor:   NVIDIA
    VRAM:     8079 MB
    Driver:   27.21.14.6140
Initialize mono
Mono path[0] = 'C:/Program Files/Unity/Hub/Editor/2021.1.4f1/Editor/Data/Managed'
Mono path[1] = 'C:/Program Files/Unity/Hub/Editor/2021.1.4f1/Editor/Data/MonoBleedingEdge/lib/mono/unityjit'
Mono config path = 'C:/Program Files/Unity/Hub/Editor/2021.1.4f1/Editor/Data/MonoBleedingEdge/etc'
Using monoOptions --debugger-agent=transport=dt_socket,embedding=1,server=y,suspend=n,address=127.0.0.1:56240
Begin MonoManager ReloadAssembly
Registering precompiled unity dll's ...
Register platform support module: C:/Program Files/Unity/Hub/Editor/2021.1.4f1/Editor/Data/PlaybackEngines/WindowsStandaloneSupport/UnityEditor.WindowsStandalone.Extensions.dll
Registered in 0.002381 seconds.
Native extension for WindowsStandalone target not found
Refreshing native plugins compatible for Editor in 30.64 ms, found 0 plugins.
Preloading 0 native plugins for Editor in 0.00 ms.
Mono: successfully reloaded assembly
- Completed reload, in  1.295 seconds
Platform modules already initialized, skipping
Registering precompiled user dll's ...
Registered in 0.000696 seconds.
Begin MonoManager ReloadAssembly
Native extension for WindowsStandalone target not found
Refreshing native plugins compatible for Editor in 0.26 ms, found 0 plugins.
Preloading 0 native plugins for Editor in 0.00 ms.
Mono: successfully reloaded assembly
- Completed reload, in  1.026 seconds
Platform modules already initialized, skipping
========================================================================
Worker process is ready to serve import requests
Launched and connected shader compiler UnityShaderCompiler.exe after 0.19 seconds
Refreshing native plugins compatible for Editor in 0.20 ms, found 0 plugins.
Preloading 0 native plugins for Editor in 0.00 ms.
Unloading 1140 Unused Serialized files (Serialized files now loaded: 0)
System memory in use before: 65.8 MB.
System memory in use after: 65.8 MB.

Unloading 9 unused Assets to reduce memory usage. Loaded Objects now: 1613.
Total: 3.663200 ms (FindLiveObjects: 0.135500 ms CreateObjectMapping: 0.050700 ms MarkObjects: 3.385200 ms  DeleteObjects: 0.090100 ms)

========================================================================
Received Import Request.
  path: Assets/weapons/shotty/shotty.prefab
  artifactKey: Guid(3b3d58727856b7a498d6c3c96b5bbf15) Importer(815301076,1909f56bfc062723c751e8b465ee728b)
Start importing Assets/weapons/shotty/shotty.prefab using Guid(3b3d58727856b7a498d6c3c96b5bbf15) Importer(815301076,1909f56bfc062723c751e8b465ee728b)  -> (artifact id: '2858d0f678392bc11aca1b2a72f4cf59') in 0.605205 seconds 
========================================================================
Received Import Request.
  Time since last request: 0.000280 seconds.
  path: Assets/weapons/shotty/scripts/Shooty.cs
  artifactKey: Guid(6ca56f92f4b15a040a08cd5fd399fcef) Importer(815301076,1909f56bfc062723c751e8b465ee728b)
Start importing Assets/weapons/shotty/scripts/Shooty.cs using Guid(6ca56f92f4b15a040a08cd5fd399fcef) Importer(815301076,1909f56bfc062723c751e8b465ee728b)  -> (artifact id: '5c4c17f2a6fcacdd8742ddd7e3b6afcd') in 0.014453 seconds 
========================================================================
Received Import Request.
  Time since last request: 44.764196 seconds.
  path: Assets/weapons/shotty/scripts/Shooty.cs
  artifactKey: Guid(6ca56f92f4b15a040a08cd5fd399fcef) Importer(815301076,1909f56bfc062723c751e8b465ee728b)
Start importing Assets/weapons/shotty/scripts/Shooty.cs using Guid(6ca56f92f4b15a040a08cd5fd399fcef) Importer(815301076,1909f56bfc062723c751e8b465ee728b)  -> (artifact id: '6b5c07a63fff142aa7b7fcce7a166f07') in 0.002888 seconds 
========================================================================
Received Prepare
Registering precompiled user dll's ...
Registered in 0.000679 seconds.
Begin MonoManager ReloadAssembly
Native extension for WindowsStandalone target not found
Refreshing native plugins compatible for Editor in 0.21 ms, found 0 plugins.
Preloading 0 native plugins for Editor in 0.00 ms.
Mono: successfully reloaded assembly
- Completed reload, in  0.962 seconds
Platform modules already initialized, skipping
Refreshing native plugins compatible for Editor in 0.28 ms, found 0 plugins.
Preloading 0 native plugins for Editor in 0.00 ms.
Unloading 1135 Unused Serialized files (Serialized files now loaded: 0)
System memory in use before: 83.3 MB.
System memory in use after: 83.4 MB.

Unloading 4 unused Assets to reduce memory usage. Loaded Objects now: 1624.
Total: 2.425200 ms (FindLiveObjects: 0.125100 ms CreateObjectMapping: 0.037700 ms MarkObjects: 2.243200 ms  DeleteObjects: 0.017900 ms)

========================================================================
Received Import Request.
  Time since last request: 18.440945 seconds.
  path: Assets/weapons/Ball and Bomb/ball and bomb.prefab
  artifactKey: Guid(c728fc1531c72e14090a21f98e1f4f6b) Importer(815301076,1909f56bfc062723c751e8b465ee728b)
Start importing Assets/weapons/Ball and Bomb/ball and bomb.prefab using Guid(c728fc1531c72e14090a21f98e1f4f6b) Importer(815301076,1909f56bfc062723c751e8b465ee728b)  -> (artifact id: '5fb89f763e68065fe46fa9b513283e6e') in 0.086391 seconds 
========================================================================
Received Prepare
Registering precompiled user dll's ...
Registered in 0.000857 seconds.
Begin MonoManager ReloadAssembly
Native extension for WindowsStandalone target not found
Refreshing native plugins compatible for Editor in 0.34 ms, found 0 plugins.
Preloading 0 native plugins for Editor in 0.00 ms.
Mono: successfully reloaded assembly
- Completed reload, in  1.061 seconds
Platform modules already initialized, skipping
Refreshing native plugins compatible for Editor in 0.20 ms, found 0 plugins.
Preloading 0 native plugins for Editor in 0.00 ms.
Unloading 1135 Unused Serialized files (Serialized files now loaded: 0)
System memory in use before: 83.4 MB.
System memory in use after: 83.5 MB.

Unloading 4 unused Assets to reduce memory usage. Loaded Objects now: 1630.
Total: 1.675600 ms (FindLiveObjects: 0.121600 ms CreateObjectMapping: 0.045500 ms MarkObjects: 1.494700 ms  DeleteObjects: 0.012800 ms)

========================================================================
Received Prepare
Registering precompiled user dll's ...
Registered in 0.000954 seconds.
Begin MonoManager ReloadAssembly
Native extension for WindowsStandalone target not found
Refreshing native plugins compatible for Editor in 0.38 ms, found 0 plugins.
Preloading 0 native plugins for Editor in 0.00 ms.
Mono: successfully reloaded assembly
- Completed reload, in  1.115 seconds
Platform modules already initialized, skipping
Refreshing native plugins compatible for Editor in 0.22 ms, found 0 plugins.
Preloading 0 native plugins for Editor in 0.00 ms.
Unloading 1135 Unused Serialized files (Serialized files now loaded: 0)
System memory in use before: 83.4 MB.
System memory in use after: 83.5 MB.

Unloading 4 unused Assets to reduce memory usage. Loaded Objects now: 1633.
Total: 1.714600 ms (FindLiveObjects: 0.127300 ms CreateObjectMapping: 0.047000 ms MarkObjects: 1.526400 ms  DeleteObjects: 0.013000 ms)

========================================================================
Received Prepare
Registering precompiled user dll's ...
Registered in 0.000821 seconds.
Begin MonoManager ReloadAssembly
Native extension for WindowsStandalone target not found
Refreshing native plugins compatible for Editor in 0.24 ms, found 0 plugins.
Preloading 0 native plugins for Editor in 0.00 ms.
Mono: successfully reloaded assembly
- Completed reload, in  0.972 seconds
Platform modules already initialized, skipping
Refreshing native plugins compatible for Editor in 0.35 ms, found 0 plugins.
Preloading 0 native plugins for Editor in 0.00 ms.
Unloading 1135 Unused Serialized files (Serialized files now loaded: 0)
System memory in use before: 83.4 MB.
System memory in use after: 83.5 MB.

Unloading 4 unused Assets to reduce memory usage. Loaded Objects now: 1636.
Total: 1.766900 ms (FindLiveObjects: 0.114300 ms CreateObjectMapping: 0.041300 ms MarkObjects: 1.599300 ms  DeleteObjects: 0.011100 ms)

========================================================================
Received Prepare
Registering precompiled user dll's ...
Registered in 0.000930 seconds.
Begin MonoManager ReloadAssembly
Native extension for WindowsStandalone target not found
Refreshing native plugins compatible for Editor in 0.25 ms, found 0 plugins.
Preloading 0 native plugins for Editor in 0.00 ms.
Mono: successfully reloaded assembly
- Completed reload, in  0.989 seconds
Platform modules already initialized, skipping
Refreshing native plugins compatible for Editor in 0.23 ms, found 0 plugins.
Preloading 0 native plugins for Editor in 0.00 ms.
Unloading 1135 Unused Serialized files (Serialized files now loaded: 0)
System memory in use before: 83.4 MB.
System memory in use after: 83.5 MB.

Unloading 4 unused Assets to reduce memory usage. Loaded Objects now: 1639.
Total: 1.861000 ms (FindLiveObjects: 0.140100 ms CreateObjectMapping: 0.043100 ms MarkObjects: 1.660100 ms  DeleteObjects: 0.016800 ms)

========================================================================
Received Prepare
Registering precompiled user dll's ...
Registered in 0.000751 seconds.
Begin MonoManager ReloadAssembly
Native extension for WindowsStandalone target not found
Refreshing native plugins compatible for Editor in 0.22 ms, found 0 plugins.
Preloading 0 native plugins for Editor in 0.00 ms.
Mono: successfully reloaded assembly
- Completed reload, in  1.030 seconds
Platform modules already initialized, skipping
Refreshing native plugins compatible for Editor in 0.27 ms, found 0 plugins.
Preloading 0 native plugins for Editor in 0.00 ms.
Unloading 1135 Unused Serialized files (Serialized files now loaded: 0)
System memory in use before: 83.4 MB.
System memory in use after: 83.5 MB.

Unloading 4 unused Assets to reduce memory usage. Loaded Objects now: 1642.
Total: 2.392400 ms (FindLiveObjects: 0.189000 ms CreateObjectMapping: 0.067300 ms MarkObjects: 2.115800 ms  DeleteObjects: 0.018500 ms)

========================================================================
Received Import Request.
  Time since last request: 477.934753 seconds.
  path: Assets/meleescript.cs
  artifactKey: Guid(a513ad746ea11d746a1690ccf0fa6fd8) Importer(815301076,1909f56bfc062723c751e8b465ee728b)
Start importing Assets/meleescript.cs using Guid(a513ad746ea11d746a1690ccf0fa6fd8) Importer(815301076,1909f56bfc062723c751e8b465ee728b)  -> (artifact id: '8c25e532861d9e1ada86d7b0d820b75c') in 0.014332 seconds 
========================================================================
Received Import Request.
  Time since last request: 15.690214 seconds.
  path: Assets/weapons/pistol/pistol.prefab
  artifactKey: Guid(e393b9f42f74f954ebc9eb0157e21211) Importer(815301076,1909f56bfc062723c751e8b465ee728b)
Start importing Assets/weapons/pistol/pistol.prefab using Guid(e393b9f42f74f954ebc9eb0157e21211) Importer(815301076,1909f56bfc062723c751e8b465ee728b)  -> (artifact id: '9d0295ae3fae2aa68a91cea5e9dd8a70') in 0.125662 seconds 
========================================================================
Received Import Request.
  Time since last request: 1.713288 seconds.
  path: Assets/weapons/pistol/AnimationEvents_pistol.cs
  artifactKey: Guid(d7498c646a05d3f4fa79d1d09a76474c) Importer(815301076,1909f56bfc062723c751e8b465ee728b)
Start importing Assets/weapons/pistol/AnimationEvents_pistol.cs using Guid(d7498c646a05d3f4fa79d1d09a76474c) Importer(815301076,1909f56bfc062723c751e8b465ee728b)  -> (artifact id: '1cb1a0727ceeaf036d099edaaebaa79e') in 0.009688 seconds 
========================================================================
Received Import Request.
  Time since last request: 56.053992 seconds.
  path: Assets/weapons/pistol/PistolScript.cs
  artifactKey: Guid(1e6664f999d375347a0ee8278dfdb684) Importer(815301076,1909f56bfc062723c751e8b465ee728b)
Start importing Assets/weapons/pistol/PistolScript.cs using Guid(1e6664f999d375347a0ee8278dfdb684) Importer(815301076,1909f56bfc062723c751e8b465ee728b)  -> (artifact id: '317f48930fdb703747be3962ecfb57de') in 0.008725 seconds 
========================================================================
Received Prepare
Registering precompiled user dll's ...
Registered in 0.000684 seconds.
Begin MonoManager ReloadAssembly
Native extension for WindowsStandalone target not found
Refreshing native plugins compatible for Editor in 0.24 ms, found 0 plugins.
Preloading 0 native plugins for Editor in 0.00 ms.
Mono: successfully reloaded assembly
- Completed reload, in  0.975 seconds
Platform modules already initialized, skipping
Refreshing native plugins compatible for Editor in 0.20 ms, found 0 plugins.
Preloading 0 native plugins for Editor in 0.00 ms.
Unloading 1135 Unused Serialized files (Serialized files now loaded: 0)
System memory in use before: 83.4 MB.
System memory in use after: 83.5 MB.

Unloading 4 unused Assets to reduce memory usage. Loaded Objects now: 1646.
Total: 2.322400 ms (FindLiveObjects: 0.157900 ms CreateObjectMapping: 0.051200 ms MarkObjects: 2.082700 ms  DeleteObjects: 0.029000 ms)

AssetImportWorkerClient::OnTransportError - code=2 error=End of file
